<?xml version="1.0" encoding="UTF-8"?>
<!-- Generated by org.testng.reporters.JUnitXMLReporter -->
<testsuite ignored="0" hostname="DESKTOP-7590GNR" failures="0" tests="5" name="Default test" time="0.033" errors="0" timestamp="2022-08-17T14:29:25 CDT">
  <testcase classname="TestNGDemo.Day4" name="MobileLoginHomeLoan" time="0.004"/>
  <testcase classname="TestNGDemo.Day4" name="APILoginPersonalLoan" time="0.001"/>
  <testcase classname="TestNGDemo.Day4" name="MobileLoginHomeLoan1" time="0.001"/>
  <testcase classname="TestNGDemo.Day4" name="MobileLoginHomeLoan2" time="0.0"/>
  <testcase classname="TestNGDemo.Day4" name="WebLoginHomeLoan" time="0.001"/>
</testsuite> <!-- Default test -->
