<?xml version="1.0" encoding="UTF-8"?>
<!-- Generated by org.testng.reporters.JUnitXMLReporter -->
<testsuite ignored="3" hostname="DESKTOP-7590GNR" failures="0" tests="7" name="Test" time="0.04" errors="0" timestamp="2022-08-17T14:12:26 CDT">
  <testcase classname="TestNGDemo.Day1" name="demo2" time="0.004"/>
  <testcase classname="TestNGDemo.day2" name="demo3" time="0.001"/>
  <testcase classname="TestNGDemo.day3" name="APILoginHomeLoan" time="0.0"/>
  <testcase classname="TestNGDemo.day3" name="MobileLoginHomeLoan" time="0.0"/>
  <testcase classname="TestNGDemo.Day4" name="MobileLoginHomeLoan" time="0.001"/>
  <testcase classname="TestNGDemo.Day4" name="APILoginPersonalLoan" time="0.0"/>
  <testcase classname="TestNGDemo.Day4" name="WebLoginHomeLoan" time="0.001"/>
  <testcase classname="TestNGDemo.day2" name="demo2" time="0.0">
    <ignored/>
  </testcase> <!-- demo2 -->
  <testcase classname="TestNGDemo.Day1" name="demo" time="0.0">
    <ignored/>
  </testcase> <!-- demo -->
  <testcase classname="TestNGDemo.day3" name="WebLoginHomeLoan" time="0.0">
    <ignored/>
  </testcase> <!-- WebLoginHomeLoan -->
</testsuite> <!-- Test -->
